2026-05-10 16:53:48, MOVE, v:1, k:ed@distancia, mode:PICK
2026-05-10 17:14:36, MOVE, v:1, k:ed@distancia, mode:PICK
2026-05-10 17:21:34, MOVE, v:1, k:ed@distancia, mode:BACK
2026-05-10 17:21:33, MOVE, v:1, k:ed@distancia, mode:EDIT
2026-05-10 17:21:33, MOVE, v:1, k:ed@distancia, mode:EDIT
2026-05-10 17:25:32, MOVE, v:1, k:ed@distancia, mode:EDIT
2026-05-10 17:25:32, MOVE, v:1, k:ed@distancia, mode:EDIT
2026-05-10 17:30:42, MOVE, v:1, k:ed@distancia, mode:EDIT
2026-05-10 17:30:42, MOVE, v:1, k:ed@distancia, mode:EDIT
2026-05-10 17:36:05, MOVE, v:1, k:ed@distancia, mode:PICK
2026-05-10 17:36:11, EXEC, v:1, k:ed@distancia, mode:FULL, size:23, fail:COMP
2026-05-10 17:36:11, EXEC, v:1, k:ed@distancia, mode:FULL, size:23, fail:COMP
2026-05-10 17:33:47, MOVE, v:1, k:ed@distancia, mode:EDIT
2026-05-10 17:33:47, MOVE, v:1, k:ed@distancia, mode:EDIT
2026-05-10 17:41:44, MOVE, v:1, k:ed@distancia, mode:EDIT
2026-05-10 17:41:44, MOVE, v:1, k:ed@distancia, mode:EDIT
2026-05-10 17:47:35, MOVE, v:1, k:ed@distancia, mode:EDIT
2026-05-10 17:47:35, MOVE, v:1, k:ed@distancia, mode:EDIT
2026-05-10 17:50:13, MOVE, v:1, k:ed@distancia, mode:EDIT
2026-05-10 17:50:13, MOVE, v:1, k:ed@distancia, mode:EDIT
2026-05-10 18:02:37, MOVE, v:1, k:ed@distancia, mode:EDIT
2026-05-10 18:02:37, MOVE, v:1, k:ed@distancia, mode:EDIT
2026-05-10 18:07:41, MOVE, v:1, k:ed@distancia, mode:EDIT
2026-05-10 18:07:41, MOVE, v:1, k:ed@distancia, mode:EDIT
2026-05-10 18:12:30, MOVE, v:1, k:ed@distancia, mode:EDIT
2026-05-10 18:12:30, MOVE, v:1, k:ed@distancia, mode:EDIT
2026-05-10 18:18:17, MOVE, v:1, k:ed@distancia, mode:EDIT
2026-05-10 18:18:17, MOVE, v:1, k:ed@distancia, mode:EDIT
2026-05-10 18:27:01, EXEC, v:1, k:ed@distancia, mode:FULL, rate:0, size:63
2026-05-10 18:27:00, MOVE, v:1, k:ed@distancia, mode:EDIT
2026-05-10 18:27:00, MOVE, v:1, k:ed@distancia, mode:EDIT
2026-05-10 18:27:01, MOVE, v:1, k:ed@distancia, mode:EDIT
2026-05-10 18:29:08, EXEC, v:1, k:ed@distancia, mode:FULL, rate:100, size:68
2026-05-10 18:29:46, SELF, v:1, k:ed@distancia, self:1, rate:100, concept:1, problem:1
2026-05-10 18:29:59, MOVE, v:1, k:ed@distancia, mode:BACK
2026-05-10 18:30:28, MOVE, v:1, k:ed@editorint, mode:PICK
2026-05-10 18:31:14, SELF, v:1, k:ed@editorint, self:1, rate:100
2026-05-10 18:31:22, MOVE, v:1, k:ed@editorint, mode:BACK
