2026-05-12 09:35:06, MOVE, v:1, k:ed@setbuild, mode:DOWN
2026-05-12 09:35:08, MOVE, v:1, k:ed@setbuild, mode:PICK
2026-05-12 09:35:09, EXEC, v:1, k:ed@setbuild, mode:FULL, rate:0, size:45
2026-05-12 09:35:13, MOVE, v:1, k:ed@setbuild, mode:BACK
2026-05-12 09:35:27, MOVE, v:1, k:ed@setbuild, mode:PICK
2026-05-12 09:35:06, MOVE, v:1, k:ed@setbuild, mode:EDIT
2026-05-12 09:35:06, MOVE, v:1, k:ed@setbuild, mode:EDIT
2026-05-12 09:35:06, MOVE, v:1, k:ed@setbuild, mode:EDIT
2026-05-12 09:35:06, MOVE, v:1, k:ed@setbuild, mode:EDIT
2026-05-12 09:35:09, MOVE, v:1, k:ed@setbuild, mode:EDIT
2026-05-12 09:45:26, MOVE, v:1, k:ed@setbuild, mode:EDIT
2026-05-12 09:45:26, MOVE, v:1, k:ed@setbuild, mode:EDIT
2026-05-12 09:53:28, MOVE, v:1, k:ed@setbuild, mode:EDIT
2026-05-12 09:53:28, MOVE, v:1, k:ed@setbuild, mode:EDIT
2026-05-12 10:05:12, MOVE, v:1, k:ed@setbuild, mode:EDIT
2026-05-12 10:05:12, MOVE, v:1, k:ed@setbuild, mode:EDIT
2026-05-12 10:13:23, MOVE, v:1, k:ed@setbuild, mode:EDIT
2026-05-12 10:13:23, MOVE, v:1, k:ed@setbuild, mode:EDIT
2026-05-12 10:17:09, EXEC, v:1, k:ed@setbuild, mode:FULL, rate:0, size:72
2026-05-12 10:17:06, MOVE, v:1, k:ed@setbuild, mode:EDIT
2026-05-12 10:17:06, MOVE, v:1, k:ed@setbuild, mode:EDIT
2026-05-12 10:17:09, MOVE, v:1, k:ed@setbuild, mode:EDIT
2026-05-12 10:20:59, EXEC, v:1, k:ed@setbuild, mode:FULL, rate:0, size:80
2026-05-12 10:22:35, MOVE, v:1, k:ed@setbuild, mode:EDIT
2026-05-12 10:22:35, MOVE, v:1, k:ed@setbuild, mode:EDIT
2026-05-12 10:20:59, MOVE, v:1, k:ed@setbuild, mode:EDIT
2026-05-12 10:25:35, MOVE, v:1, k:ed@setbuild, mode:EDIT
2026-05-12 10:25:35, MOVE, v:1, k:ed@setbuild, mode:EDIT
2026-05-12 10:31:16, MOVE, v:1, k:ed@setbuild, mode:EDIT
2026-05-12 10:31:16, MOVE, v:1, k:ed@setbuild, mode:EDIT
2026-05-12 10:36:23, MOVE, v:1, k:ed@setbuild, mode:EDIT
2026-05-12 10:36:23, MOVE, v:1, k:ed@setbuild, mode:EDIT
2026-05-12 10:40:52, EXEC, v:1, k:ed@setbuild, mode:FULL, size:110, fail:COMP
2026-05-12 10:40:53, EXEC, v:1, k:ed@setbuild, mode:FULL, fail:COMP
2026-05-12 10:41:10, EXEC, v:1, k:ed@setbuild, mode:FULL, rate:0, size:110
2026-05-12 10:43:13, EXEC, v:1, k:ed@setbuild, mode:FULL, rate:0, size:113
2026-05-12 10:43:11, MOVE, v:1, k:ed@setbuild, mode:EDIT
2026-05-12 10:43:11, MOVE, v:1, k:ed@setbuild, mode:EDIT
2026-05-12 10:43:13, MOVE, v:1, k:ed@setbuild, mode:EDIT
2026-05-12 10:51:18, MOVE, v:1, k:ed@setbuild, mode:EDIT
2026-05-12 10:51:18, MOVE, v:1, k:ed@setbuild, mode:EDIT
2026-05-12 11:34:08, MOVE, v:1, k:ed@setbuild, mode:EDIT
2026-05-12 11:34:08, MOVE, v:1, k:ed@setbuild, mode:EDIT
2026-05-12 11:35:42, EXEC, v:1, k:ed@setbuild, mode:FULL, rate:33, size:138
2026-05-12 11:35:41, MOVE, v:1, k:ed@setbuild, mode:EDIT
2026-05-12 11:35:41, MOVE, v:1, k:ed@setbuild, mode:EDIT
2026-05-12 11:35:42, MOVE, v:1, k:ed@setbuild, mode:EDIT
2026-05-12 11:44:42, EXEC, v:1, k:ed@setbuild, mode:FULL, size:156, fail:COMP
2026-05-12 11:44:39, MOVE, v:1, k:ed@setbuild, mode:EDIT
2026-05-12 11:44:39, MOVE, v:1, k:ed@setbuild, mode:EDIT
2026-05-12 11:47:50, MOVE, v:1, k:ed@setbuild, mode:EDIT
2026-05-12 11:47:50, MOVE, v:1, k:ed@setbuild, mode:EDIT
2026-05-12 11:51:24, EXEC, v:1, k:ed@setbuild, mode:FULL, rate:66, size:178
2026-05-12 11:54:25, EXEC, v:1, k:ed@setbuild, mode:FULL, rate:100, size:178
2026-05-12 11:54:29, SELF, v:1, k:ed@setbuild, self:1, rate:100
2026-05-12 11:54:30, MOVE, v:1, k:ed@setbuild, mode:BACK
2026-05-12 11:54:22, MOVE, v:1, k:ed@setbuild, mode:EDIT
2026-05-12 11:54:22, MOVE, v:1, k:ed@setbuild, mode:EDIT
2026-05-12 11:54:25, MOVE, v:1, k:ed@setbuild, mode:EDIT
2026-05-12 11:55:27, MOVE, v:1, k:ed@magicsearch, mode:DOWN
2026-05-12 11:55:45, MOVE, v:1, k:ed@magicsearch, mode:PICK
2026-05-12 11:55:47, EXEC, v:1, k:ed@magicsearch, mode:FULL, rate:30, size:30
2026-05-12 11:55:47, EXEC, v:1, k:ed@magicsearch, mode:FULL, rate:30, size:30
2026-05-12 11:55:48, EXEC, v:1, k:ed@magicsearch, mode:FULL, rate:30, size:30
2026-05-12 11:55:52, MOVE, v:1, k:ed@magicsearch, mode:BACK
2026-05-12 11:55:59, MOVE, v:1, k:ed@multiset, mode:DOWN
2026-05-12 11:56:00, MOVE, v:1, k:ed@bettersearch, mode:DOWN
