2026-05-29 14:19:39, MOVE, v:1, k:ed@prin_list1, mode:PICK
2026-05-29 14:19:43, EXEC, v:1, k:ed@prin_list1, mode:FULL, rate:0
2026-05-29 14:19:45, EXEC, v:1, k:ed@prin_list1, mode:FULL, rate:0
2026-05-29 14:19:43, MOVE, v:1, k:ed@prin_list1, mode:EDIT
2026-05-29 14:44:01, EXEC, v:1, k:ed@prin_list1, mode:FULL, rate:0, size:186
2026-05-29 14:44:04, EXEC, v:1, k:ed@prin_list1, mode:FULL, rate:0
2026-05-29 14:44:25, EXEC, v:1, k:ed@prin_list1, mode:FULL, rate:0, size:187
2026-05-29 14:45:27, EXEC, v:1, k:ed@prin_list1, mode:FULL, rate:100, size:187
2026-05-29 14:45:32, SELF, v:1, k:ed@prin_list1, self:1, rate:100
2026-05-29 14:45:33, EXEC, v:1, k:ed@prin_list1, mode:FULL, rate:100
2026-05-29 14:45:34, MOVE, v:1, k:ed@prin_list1, mode:BACK
2026-05-29 14:45:47, MOVE, v:1, k:ed@lista_d3, mode:PICK
2026-05-29 14:45:48, EXEC, v:1, k:ed@lista_d3, mode:FULL, rate:0
2026-05-29 14:45:26, MOVE, v:1, k:ed@prin_list1, mode:EDIT
2026-05-29 14:45:26, MOVE, v:1, k:ed@prin_list1, mode:EDIT
2026-05-29 14:45:33, MOVE, v:1, k:ed@prin_list1, mode:EDIT
2026-05-29 14:45:48, MOVE, v:1, k:ed@lista_d3, mode:EDIT
2026-05-29 14:46:42, MOVE, v:1, k:ed@lista_d3, mode:BACK
2026-05-29 16:39:58, MOVE, v:1, k:ed@lista_d3, mode:PICK
2026-05-29 16:40:00, EXEC, v:1, k:ed@lista_d3, mode:FULL, rate:0
2026-05-29 16:40:06, MOVE, v:1, k:ed@lista_d3, mode:BACK
2026-05-29 16:40:21, MOVE, v:1, k:ed@lista_d3, mode:PICK
2026-05-29 16:39:59, MOVE, v:1, k:ed@lista_d3, mode:EDIT
2026-05-29 17:03:43, EXEC, v:1, k:ed@lista_d3, mode:FULL, rate:0
2026-05-29 17:03:43, MOVE, v:1, k:ed@lista_d3, mode:EDIT
2026-05-29 17:24:19, MOVE, v:1, k:ed@lista_d3, mode:EDIT
2026-05-29 17:24:19, MOVE, v:1, k:ed@lista_d3, mode:EDIT
2026-05-29 21:57:48, EXEC, v:1, k:ed@lista_d3, mode:FULL, rate:25, size:144
2026-05-29 21:57:47, MOVE, v:1, k:ed@lista_d3, mode:EDIT
2026-05-29 21:57:47, MOVE, v:1, k:ed@lista_d3, mode:EDIT
2026-05-29 21:57:48, MOVE, v:1, k:ed@lista_d3, mode:EDIT
2026-05-29 22:06:33, EXEC, v:1, k:ed@lista_d3, mode:FULL, rate:25, size:156
2026-05-29 22:06:28, MOVE, v:1, k:ed@lista_d3, mode:EDIT
2026-05-29 22:06:28, MOVE, v:1, k:ed@lista_d3, mode:EDIT
2026-05-29 22:06:33, MOVE, v:1, k:ed@lista_d3, mode:EDIT
2026-05-29 22:12:25, MOVE, v:1, k:ed@lista_d3, mode:EDIT
2026-05-29 22:12:25, MOVE, v:1, k:ed@lista_d3, mode:EDIT
2026-05-29 22:24:23, EXEC, v:1, k:ed@lista_d3, mode:FULL, rate:50, size:152
2026-05-29 22:24:25, MOVE, v:1, k:ed@lista_d3, mode:BACK
2026-05-29 22:24:27, MOVE, v:1, k:ed@lista_d3, mode:PICK
2026-05-29 22:24:28, EXEC, v:1, k:ed@lista_d3, mode:FULL, rate:50
2026-05-29 22:27:06, MOVE, v:1, k:ed@lista_d3, mode:EDIT
2026-05-29 22:27:06, MOVE, v:1, k:ed@lista_d3, mode:EDIT
2026-05-29 22:24:28, MOVE, v:1, k:ed@lista_d3, mode:EDIT
2026-05-29 22:32:22, EXEC, v:1, k:ed@lista_d3, mode:FULL, rate:75, size:170
2026-05-29 22:32:21, MOVE, v:1, k:ed@lista_d3, mode:EDIT
2026-05-29 22:32:21, MOVE, v:1, k:ed@lista_d3, mode:EDIT
2026-05-29 22:32:21, MOVE, v:1, k:ed@lista_d3, mode:EDIT
2026-05-29 22:33:28, EXEC, v:1, k:ed@lista_d3, mode:FULL, rate:100, size:199
2026-05-29 22:33:30, SELF, v:1, k:ed@lista_d3, self:1, rate:100
2026-05-29 22:33:32, MOVE, v:1, k:ed@lista_d3, mode:BACK
