2026-05-25 15:42:29, MOVE, v:1, k:ed@lista_d2, mode:PICK
2026-05-25 15:42:32, EXEC, v:1, k:ed@lista_d2, mode:FULL, rate:0
2026-05-25 15:42:35, EXEC, v:1, k:ed@lista_d2, mode:FULL, rate:0
2026-05-25 15:45:48, MOVE, v:1, k:ed@lista_d2, mode:BACK
2026-05-25 15:42:32, MOVE, v:1, k:ed@lista_d2, mode:EDIT
2026-05-25 15:46:48, MOVE, v:1, k:ed@lista_d2, mode:EDIT
2026-05-25 15:46:48, MOVE, v:1, k:ed@lista_d2, mode:EDIT
2026-05-25 15:49:23, MOVE, v:1, k:ed@lista_d2, mode:PICK
2026-05-25 15:55:10, EXEC, v:1, k:ed@lista_d2, mode:FULL, rate:100, size:254
2026-05-25 15:55:12, MOVE, v:1, k:ed@lista_d2, mode:BACK
2026-05-25 15:55:16, SELF, v:1, k:ed@lista_d2, self:1, rate:100
2026-05-25 15:55:33, MOVE, v:1, k:ed@lista_d2, mode:PICK
2026-05-25 15:55:38, EXEC, v:1, k:ed@lista_d2, mode:FULL, rate:100
2026-05-25 15:56:38, MOVE, v:1, k:ed@lista_d2, mode:BACK
2026-05-25 15:55:00, MOVE, v:1, k:ed@lista_d2, mode:EDIT
2026-05-25 15:55:00, MOVE, v:1, k:ed@lista_d2, mode:EDIT
2026-05-25 15:55:38, MOVE, v:1, k:ed@lista_d2, mode:EDIT
2026-05-25 15:57:16, SELF, v:1, k:ed@iterador, self:1, rate:100
2026-05-25 15:57:29, SELF, v:1, k:ed@analise, self:1
2026-05-25 15:57:29, MOVE, v:1, k:ed@analise, mode:DOWN
2026-05-25 15:57:30, MOVE, v:1, k:ed@analise, mode:PICK
2026-05-25 15:57:31, EXEC, v:1, k:ed@analise, mode:LOCK, rate:0, size:5
2026-05-25 15:57:33, MOVE, v:1, k:ed@analise, mode:BACK
2026-05-25 15:59:22, MOVE, v:1, k:ed@lista_d4, mode:DOWN
2026-05-25 15:59:40, MOVE, v:1, k:ed@lista_d4, mode:PICK
2026-05-25 15:59:42, EXEC, v:1, k:ed@lista_d4, mode:FULL, rate:0, size:124
