2026-04-22 00:03:07, EXEC, v:1, k:ed@treinando, mode:FULL, rate:100, size:121
2026-04-22 00:03:12, SELF, v:1, k:ed@treinando, self:1, rate:100
2026-04-22 00:03:15, MOVE, v:1, k:ed@treinando, mode:BACK
2026-04-22 00:03:32, MOVE, v:1, k:ed@resto, mode:DOWN
2026-04-22 00:03:39, MOVE, v:1, k:ed@resto, mode:PICK
2026-04-22 00:20:05, EXEC, v:1, k:ed@resto, mode:FULL, rate:100, size:20
2026-04-22 00:20:06, EXEC, v:1, k:ed@resto, mode:FULL, rate:100
2026-04-22 00:20:15, SELF, v:1, k:ed@resto, self:1, rate:100
2026-04-22 00:20:18, MOVE, v:1, k:ed@resto, mode:BACK
2026-04-22 21:43:42, MOVE, v:1, k:ed@mdc, mode:DOWN
2026-04-22 22:59:58, MOVE, v:1, k:ed@mdc, mode:PICK
2026-04-22 23:00:03, EXEC, v:1, k:ed@mdc, mode:FULL, rate:0, size:15
2026-04-22 23:08:08, EXEC, v:1, k:ed@mdc, mode:FULL, rate:100, size:24
2026-04-22 23:08:18, SELF, v:1, k:ed@mdc, self:1, rate:100
2026-04-22 23:08:21, MOVE, v:1, k:ed@mdc, mode:BACK
2026-04-22 23:09:00, MOVE, v:1, k:ed@queimada, mode:DOWN
2026-04-22 23:09:46, MOVE, v:1, k:ed@queimada, mode:PICK
2026-04-22 23:27:46, EXEC, v:1, k:ed@queimada, mode:FULL, rate:14, size:44
2026-04-22 23:27:54, MOVE, v:1, k:ed@queimada, mode:BACK
2026-04-22 23:27:59, MOVE, v:1, k:ed@queimada, mode:PICK
2026-04-22 23:28:01, EXEC, v:1, k:ed@queimada, mode:FULL, rate:14
2026-04-22 23:29:10, EXEC, v:1, k:ed@queimada, mode:FULL, rate:14, size:50
2026-04-22 23:29:40, EXEC, v:1, k:ed@queimada, mode:FULL, rate:100, size:51
2026-04-22 23:30:31, SELF, v:1, k:ed@queimada, self:1, rate:100, concept:1, problem:1
2026-04-22 23:30:34, MOVE, v:1, k:ed@queimada, mode:BACK
2026-04-22 23:46:23, MOVE, v:1, k:ed@labirinto, mode:DOWN
2026-04-22 23:48:36, MOVE, v:1, k:ed@labirinto, mode:PICK
2026-04-22 23:49:39, MOVE, v:1, k:ed@labirinto, mode:BACK
2026-04-22 23:49:46, MOVE, v:1, k:ed@eh_primo, mode:PICK
2026-04-22 23:49:52, EXEC, v:1, k:ed@eh_primo, mode:FULL, rate:44, size:20
2026-04-22 23:58:01, EXEC, v:1, k:ed@eh_primo, mode:FULL, rate:22, size:25
2026-04-22 23:58:02, EXEC, v:1, k:ed@eh_primo, mode:FULL, rate:22
2026-04-22 23:58:51, EXEC, v:1, k:ed@eh_primo, mode:FULL, rate:11, size:25
2026-04-22 23:58:54, EXEC, v:1, k:ed@eh_primo, mode:FULL, rate:11
2026-04-22 23:59:13, EXEC, v:1, k:ed@eh_primo, mode:FULL, rate:11, size:25
2026-04-22 23:59:29, EXEC, v:1, k:ed@eh_primo, mode:FULL, rate:11, size:25
