2026-04-28 15:56:51, MOVE, v:1, k:ed@subset_sum, mode:DOWN
2026-04-28 16:06:34, MOVE, v:1, k:ed@subset_sum, mode:PICK
2026-04-28 16:06:42, EXEC, v:1, k:ed@subset_sum, mode:FULL, rate:0, size:22
2026-04-28 16:06:43, EXEC, v:1, k:ed@subset_sum, mode:FULL, rate:0
2026-04-28 16:06:46, EXEC, v:1, k:ed@subset_sum, mode:FULL, rate:0
2026-04-28 16:10:37, EXEC, v:1, k:ed@subset_sum, mode:FULL, rate:0, size:25
2026-04-28 16:12:08, EXEC, v:1, k:ed@subset_sum, mode:FULL, rate:0, size:29
2026-04-28 16:13:23, EXEC, v:1, k:ed@subset_sum, mode:FULL, rate:0, size:29
2026-04-28 16:13:24, EXEC, v:1, k:ed@subset_sum, mode:FULL, rate:0
2026-04-28 16:13:49, EXEC, v:1, k:ed@subset_sum, mode:FULL, size:28, fail:COMP
2026-04-28 16:14:15, EXEC, v:1, k:ed@subset_sum, mode:FULL, rate:0, size:29
2026-04-28 16:20:40, EXEC, v:1, k:ed@subset_sum, mode:FULL, rate:0, size:30
2026-04-28 16:20:41, EXEC, v:1, k:ed@subset_sum, mode:FULL, rate:0
2026-04-28 16:22:10, EXEC, v:1, k:ed@subset_sum, mode:FULL, rate:0, size:29
2026-04-28 16:25:30, EXEC, v:1, k:ed@subset_sum, mode:FULL, rate:0, size:36
2026-04-28 16:27:53, EXEC, v:1, k:ed@subset_sum, mode:FULL, rate:0
2026-04-28 16:28:25, MOVE, v:1, k:ed@subset_sum, mode:BACK
2026-04-28 16:28:43, MOVE, v:1, k:ed@vetbuild, mode:PICK
2026-04-28 16:29:05, MOVE, v:1, k:ed@vetbuild, mode:BACK
2026-04-28 16:30:40, MOVE, v:1, k:ed@subset_sum, mode:PICK
2026-04-28 16:30:43, EXEC, v:1, k:ed@subset_sum, mode:FULL, rate:0
2026-04-28 16:40:47, EXEC, v:1, k:ed@subset_sum, mode:FULL, rate:28, size:28
2026-04-28 16:41:32, EXEC, v:1, k:ed@subset_sum, mode:FULL, size:31, fail:COMP
2026-04-28 16:42:32, EXEC, v:1, k:ed@subset_sum, mode:FULL, rate:100, size:33
2026-04-28 16:43:02, SELF, v:1, k:ed@subset_sum, self:1, rate:100, concept:1, problem:1
2026-04-28 16:43:06, EXEC, v:1, k:ed@subset_sum, mode:FULL, rate:100
2026-04-28 16:43:06, MOVE, v:1, k:ed@subset_sum, mode:BACK
