2026-06-09 00:32:23, EXEC, v:1, k:ed@pilha, mode:FULL, rate:33, size:114
2026-06-09 00:32:22, MOVE, v:1, k:ed@pilha, mode:EDIT
2026-06-09 00:32:22, MOVE, v:1, k:ed@pilha, mode:EDIT
2026-06-09 00:32:23, MOVE, v:1, k:ed@pilha, mode:EDIT
2026-06-09 00:38:11, EXEC, v:1, k:ed@pilha, mode:FULL, rate:33, size:124
2026-06-09 00:38:12, EXEC, v:1, k:ed@pilha, mode:FULL, rate:33
2026-06-09 00:38:25, EXEC, v:1, k:ed@pilha, mode:FULL, rate:100, size:124
2026-06-09 00:38:28, SELF, v:1, k:ed@pilha, self:1, rate:100
2026-06-09 00:38:29, MOVE, v:1, k:ed@pilha, mode:BACK
2026-06-09 00:44:36, MOVE, v:1, k:ed@chaves, mode:DOWN
2026-06-09 00:44:37, MOVE, v:1, k:ed@queimando, mode:DOWN
2026-06-09 00:44:38, MOVE, v:1, k:ed@pilhado, mode:DOWN
2026-06-09 00:44:39, MOVE, v:1, k:ed@balanceada, mode:DOWN
2026-06-09 00:44:40, MOVE, v:1, k:ed@caminhao, mode:DOWN
2026-06-09 00:44:40, MOVE, v:1, k:ed@polonesa, mode:DOWN
2026-06-09 00:44:41, MOVE, v:1, k:ed@hex, mode:DOWN
2026-06-09 00:44:36, MOVE, v:1, k:ed@chaves, mode:EDIT
2026-06-09 00:44:36, MOVE, v:1, k:ed@chaves, mode:EDIT
2026-06-09 00:44:36, MOVE, v:1, k:ed@chaves, mode:EDIT
2026-06-09 00:44:36, MOVE, v:1, k:ed@chaves, mode:EDIT
2026-06-09 00:44:37, MOVE, v:1, k:ed@queimando, mode:EDIT
2026-06-09 00:44:37, MOVE, v:1, k:ed@queimando, mode:EDIT
2026-06-09 00:44:37, MOVE, v:1, k:ed@queimando, mode:EDIT
2026-06-09 00:44:37, MOVE, v:1, k:ed@queimando, mode:EDIT
2026-06-09 00:44:38, MOVE, v:1, k:ed@pilhado, mode:EDIT
2026-06-09 00:44:38, MOVE, v:1, k:ed@pilhado, mode:EDIT
2026-06-09 00:44:38, MOVE, v:1, k:ed@pilhado, mode:EDIT
2026-06-09 00:44:38, MOVE, v:1, k:ed@pilhado, mode:EDIT
2026-06-09 00:44:39, MOVE, v:1, k:ed@balanceada, mode:EDIT
2026-06-09 00:44:39, MOVE, v:1, k:ed@balanceada, mode:EDIT
2026-06-09 00:44:39, MOVE, v:1, k:ed@balanceada, mode:EDIT
2026-06-09 00:44:40, MOVE, v:1, k:ed@caminhao, mode:EDIT
2026-06-09 00:44:40, MOVE, v:1, k:ed@caminhao, mode:EDIT
2026-06-09 00:44:40, MOVE, v:1, k:ed@caminhao, mode:EDIT
2026-06-09 00:44:40, MOVE, v:1, k:ed@polonesa, mode:EDIT
2026-06-09 00:44:40, MOVE, v:1, k:ed@polonesa, mode:EDIT
2026-06-09 00:44:41, MOVE, v:1, k:ed@hex, mode:EDIT
2026-06-09 14:55:42, MOVE, v:1, k:ed@chaves, mode:PICK
2026-06-09 14:55:43, EXEC, v:1, k:ed@chaves, mode:FULL, rate:0, size:47
2026-06-09 14:55:43, MOVE, v:1, k:ed@chaves, mode:EDIT
2026-06-09 15:15:11, EXEC, v:1, k:ed@chaves, mode:FULL, rate:0
2026-06-09 15:15:11, EXEC, v:1, k:ed@chaves, mode:FULL, rate:0
2026-06-09 15:15:55, MOVE, v:1, k:ed@chaves, mode:PICK
2026-06-09 15:16:39, EXEC, v:1, k:ed@chaves, mode:FULL, rate:0
2026-06-09 15:16:39, MOVE, v:1, k:ed@chaves, mode:EDIT
2026-06-09 15:21:03, MOVE, v:1, k:ed@chaves, mode:EDIT
2026-06-09 15:21:03, MOVE, v:1, k:ed@chaves, mode:EDIT
2026-06-09 15:24:08, MOVE, v:1, k:ed@chaves, mode:EDIT
2026-06-09 15:24:08, MOVE, v:1, k:ed@chaves, mode:EDIT
2026-06-09 15:29:45, MOVE, v:1, k:ed@chaves, mode:EDIT
2026-06-09 15:29:45, MOVE, v:1, k:ed@chaves, mode:EDIT
2026-06-09 15:32:51, EXEC, v:1, k:ed@chaves, mode:FULL, rate:0, size:53
2026-06-09 15:32:50, MOVE, v:1, k:ed@chaves, mode:EDIT
2026-06-09 15:32:50, MOVE, v:1, k:ed@chaves, mode:EDIT
2026-06-09 15:32:50, MOVE, v:1, k:ed@chaves, mode:EDIT
2026-06-09 15:34:52, MOVE, v:1, k:ed@chaves, mode:EDIT
2026-06-09 15:34:52, MOVE, v:1, k:ed@chaves, mode:EDIT
2026-06-09 15:36:32, MOVE, v:1, k:ed@chaves, mode:EDIT
2026-06-09 15:36:32, MOVE, v:1, k:ed@chaves, mode:EDIT
2026-06-09 15:50:41, MOVE, v:1, k:ed@chaves, mode:EDIT
2026-06-09 15:50:41, MOVE, v:1, k:ed@chaves, mode:EDIT
2026-06-09 15:52:05, EXEC, v:1, k:ed@chaves, mode:FULL, rate:0, size:68
2026-06-09 15:53:44, EXEC, v:1, k:ed@chaves, mode:FULL, rate:0, size:68
2026-06-09 15:54:08, EXEC, v:1, k:ed@chaves, mode:FULL, size:134, fail:COMP
2026-06-09 15:54:08, EXEC, v:1, k:ed@chaves, mode:FULL, size:134, fail:COMP
2026-06-09 15:54:43, EXEC, v:1, k:ed@chaves, mode:FULL, size:67, fail:COMP
2026-06-09 15:54:44, EXEC, v:1, k:ed@chaves, mode:FULL, fail:COMP
2026-06-09 15:55:02, EXEC, v:1, k:ed@chaves, mode:FULL, size:71, fail:COMP
2026-06-09 15:55:03, EXEC, v:1, k:ed@chaves, mode:FULL, fail:COMP
2026-06-09 15:55:04, EXEC, v:1, k:ed@chaves, mode:FULL, fail:COMP
2026-06-09 15:55:05, EXEC, v:1, k:ed@chaves, mode:FULL, fail:COMP
2026-06-09 15:55:05, EXEC, v:1, k:ed@chaves, mode:FULL, fail:COMP
2026-06-09 15:55:36, MOVE, v:1, k:ed@chaves, mode:EDIT
2026-06-09 15:55:36, MOVE, v:1, k:ed@chaves, mode:EDIT
2026-06-09 15:53:44, MOVE, v:1, k:ed@chaves, mode:EDIT
2026-06-09 15:55:36, MOVE, v:1, k:ed@chaves, mode:EDIT
2026-06-09 15:55:36, MOVE, v:1, k:ed@chaves, mode:EDIT
2026-06-09 15:58:54, EXEC, v:1, k:ed@chaves, mode:FULL, rate:100, size:70
2026-06-09 15:59:00, SELF, v:1, k:ed@chaves, self:1, rate:100
2026-06-09 15:59:01, MOVE, v:1, k:ed@chaves, mode:BACK
2026-06-09 15:59:26, MOVE, v:1, k:ed@queimando, mode:PICK
2026-06-09 16:00:20, MOVE, v:1, k:ed@queimando, mode:BACK
2026-06-09 15:58:53, MOVE, v:1, k:ed@chaves, mode:EDIT
2026-06-09 15:58:53, MOVE, v:1, k:ed@chaves, mode:EDIT
2026-06-09 15:58:54, MOVE, v:1, k:ed@chaves, mode:EDIT
2026-06-09 16:04:36, MOVE, v:1, k:ed@queimando, mode:PICK
2026-06-09 16:04:37, EXEC, v:1, k:ed@queimando, mode:FULL, size:77, fail:COMP
2026-06-09 16:22:00, MOVE, v:1, k:ed@queimando, mode:EDIT
2026-06-09 16:22:00, MOVE, v:1, k:ed@queimando, mode:EDIT
2026-06-09 16:33:52, MOVE, v:1, k:ed@queimando, mode:EDIT
2026-06-09 16:33:52, MOVE, v:1, k:ed@queimando, mode:EDIT
2026-06-09 16:40:38, MOVE, v:1, k:ed@queimando, mode:EDIT
2026-06-09 16:40:38, MOVE, v:1, k:ed@queimando, mode:EDIT
2026-06-09 16:45:25, MOVE, v:1, k:ed@queimando, mode:EDIT
2026-06-09 16:45:25, MOVE, v:1, k:ed@queimando, mode:EDIT
2026-06-09 16:46:03, EXEC, v:1, k:ed@queimando, mode:FULL, rate:100, size:91
2026-06-09 16:46:09, SELF, v:1, k:ed@queimando, self:1, rate:100
2026-06-09 16:46:09, EXEC, v:1, k:ed@queimando, mode:FULL, rate:100
2026-06-09 16:46:15, EXEC, v:1, k:ed@queimando, mode:FULL, rate:100
2026-06-09 16:46:20, SELF, v:1, k:ed@queimando, self:1, rate:100
2026-06-09 16:46:20, EXEC, v:1, k:ed@queimando, mode:FULL, rate:100
2026-06-09 16:46:21, MOVE, v:1, k:ed@queimando, mode:BACK
2026-06-09 16:46:28, MOVE, v:1, k:ed@pilhado, mode:PICK
2026-06-09 16:46:00, MOVE, v:1, k:ed@queimando, mode:EDIT
2026-06-09 16:46:00, MOVE, v:1, k:ed@queimando, mode:EDIT
2026-06-09 16:46:20, MOVE, v:1, k:ed@queimando, mode:EDIT
2026-06-09 17:58:03, MOVE, v:1, k:ed@pilhado, mode:BACK
